launcher/build/intermediates/manifest_merge_blame_file/debug/manifest-merger-blame-debug-report.txt
1<?xml version="1.0" encoding="utf-8"?>
2<!-- GENERATED BY UNITY. REMOVE THIS COMMENT TO PREVENT OVERWRITING WHEN EXPORTING AGAIN -->
3<manifest xmlns:android="http://schemas.android.com/apk/res/android"
4    package="com.vuforia.engine.VuforiaEngine"
5    android:installLocation="preferExternal"
6    android:versionCode="1072"
7    android:versionName="10.7.2" >
8
9    <uses-sdk
10        android:minSdkVersion="26"
10-->src\main\AndroidManifest.xml
11        android:targetSdkVersion="29" />
11-->src\main\AndroidManifest.xml
12
13    <supports-screens
13-->src\main\AndroidManifest.xml:4:3-163
14        android:anyDensity="true"
14-->src\main\AndroidManifest.xml:4:135-160
15        android:largeScreens="true"
15-->src\main\AndroidManifest.xml:4:78-105
16        android:normalScreens="true"
16-->src\main\AndroidManifest.xml:4:49-77
17        android:smallScreens="true"
17-->src\main\AndroidManifest.xml:4:21-48
18        android:xlargeScreens="true" />
18-->src\main\AndroidManifest.xml:4:106-134
19
20    <uses-feature android:glEsVersion="0x00020000" />
20-->[:unityLibrary] AndroidManifest.xml:12:5-54
20-->[:unityLibrary] AndroidManifest.xml:12:19-51
21
22    <uses-permission android:name="android.permission.CAMERA" />
22-->[:unityLibrary] AndroidManifest.xml:14:5-65
22-->[:unityLibrary] AndroidManifest.xml:14:22-62
23
24    <uses-feature
24-->[:unityLibrary] AndroidManifest.xml:16:5-18:36
25        android:name="android.hardware.camera"
25-->[:unityLibrary] AndroidManifest.xml:17:9-47
26        android:required="true" />
26-->[:unityLibrary] AndroidManifest.xml:18:9-33
27    <uses-feature
27-->[:unityLibrary] AndroidManifest.xml:19:5-21:36
28        android:name="android.hardware.camera.autofocus"
28-->[:unityLibrary] AndroidManifest.xml:20:9-57
29        android:required="false" />
29-->[:unityLibrary] AndroidManifest.xml:21:9-33
30    <uses-feature
30-->[:unityLibrary] AndroidManifest.xml:22:5-24:36
31        android:name="android.hardware.camera.front"
31-->[:unityLibrary] AndroidManifest.xml:23:9-53
32        android:required="false" />
32-->[:unityLibrary] AndroidManifest.xml:24:9-33
33    <uses-feature
33-->[:unityLibrary] AndroidManifest.xml:25:5-27:36
34        android:name="android.hardware.touchscreen"
34-->[:unityLibrary] AndroidManifest.xml:26:9-52
35        android:required="false" />
35-->[:unityLibrary] AndroidManifest.xml:27:9-33
36    <uses-feature
36-->[:unityLibrary] AndroidManifest.xml:28:5-30:36
37        android:name="android.hardware.touchscreen.multitouch"
37-->[:unityLibrary] AndroidManifest.xml:29:9-63
38        android:required="false" />
38-->[:unityLibrary] AndroidManifest.xml:30:9-33
39    <uses-feature
39-->[:unityLibrary] AndroidManifest.xml:31:5-33:36
40        android:name="android.hardware.touchscreen.multitouch.distinct"
40-->[:unityLibrary] AndroidManifest.xml:32:9-72
41        android:required="false" />
41-->[:unityLibrary] AndroidManifest.xml:33:9-33
42
43    <queries>
43-->[com.google.ar:core:1.22.0] AndroidManifest.xml:29:5-31:15
44        <package android:name="com.google.ar.core" />
44-->[com.google.ar:core:1.22.0] AndroidManifest.xml:30:9-54
44-->[com.google.ar:core:1.22.0] AndroidManifest.xml:30:18-51
45    </queries>
46
47    <uses-permission android:name="android.permission.INTERNET" />
47-->[:VuforiaEngine:] AndroidManifest.xml:9:5-67
47-->[:VuforiaEngine:] AndroidManifest.xml:9:22-64
48    <uses-permission android:name="android.permission.ACCESS_NETWORK_STATE" />
48-->[:VuforiaEngine:] AndroidManifest.xml:11:5-79
48-->[:VuforiaEngine:] AndroidManifest.xml:11:22-76
49
50    <application
50-->src\main\AndroidManifest.xml:5:3-159
51        android:appComponentFactory="android.support.v4.app.CoreComponentFactory"
51-->[com.android.support:support-compat:28.0.0] AndroidManifest.xml:22:18-91
52        android:debuggable="true"
53        android:extractNativeLibs="true"
53-->src\main\AndroidManifest.xml:5:16-48
54        android:icon="@mipmap/app_icon"
54-->src\main\AndroidManifest.xml:5:82-113
55        android:label="@string/app_name"
55-->src\main\AndroidManifest.xml:5:49-81
56        android:roundIcon="@mipmap/app_icon_round" >
56-->src\main\AndroidManifest.xml:5:114-156
57        <activity
57-->[:unityLibrary] AndroidManifest.xml:36:9-38:40
58            android:name="com.unity3d.player.MainActivity"
58-->[:unityLibrary] AndroidManifest.xml:37:13-59
59            android:exported="false" />
59-->[:unityLibrary] AndroidManifest.xml:38:13-37
60        <activity
60-->[:unityLibrary] AndroidManifest.xml:39:9-59:20
61            android:name="com.unity3d.player.UnityPlayerActivity"
61-->[:unityLibrary] AndroidManifest.xml:40:13-66
62            android:configChanges="mcc|mnc|locale|touchscreen|keyboard|keyboardHidden|navigation|orientation|screenLayout|uiMode|screenSize|smallestScreenSize|fontScale|layoutDirection|density"
62-->[:unityLibrary] AndroidManifest.xml:41:13-194
63            android:hardwareAccelerated="false"
63-->[:unityLibrary] AndroidManifest.xml:42:13-48
64            android:launchMode="singleTask"
64-->[:unityLibrary] AndroidManifest.xml:43:13-44
65            android:resizeableActivity="false"
65-->[:unityLibrary] AndroidManifest.xml:44:13-47
66            android:screenOrientation="portrait"
66-->[:unityLibrary] AndroidManifest.xml:45:13-49
67            android:theme="@style/UnityThemeSelector" >
67-->[:unityLibrary] AndroidManifest.xml:46:13-54
68            <intent-filter>
68-->[:unityLibrary] AndroidManifest.xml:47:13-51:29
69                <action android:name="android.intent.action.MAIN" />
69-->[:unityLibrary] AndroidManifest.xml:48:17-69
69-->[:unityLibrary] AndroidManifest.xml:48:25-66
70
71                <category android:name="android.intent.category.DEFAULT" />
71-->[:unityLibrary] AndroidManifest.xml:50:17-76
71-->[:unityLibrary] AndroidManifest.xml:50:27-73
72            </intent-filter>
73
74            <meta-data
74-->[:unityLibrary] AndroidManifest.xml:53:13-55:40
75                android:name="unityplayer.UnityActivity"
75-->[:unityLibrary] AndroidManifest.xml:54:17-57
76                android:value="true" />
76-->[:unityLibrary] AndroidManifest.xml:55:17-37
77            <meta-data
77-->[:unityLibrary] AndroidManifest.xml:56:13-58:40
78                android:name="android.notch_support"
78-->[:unityLibrary] AndroidManifest.xml:57:17-53
79                android:value="true" />
79-->[:unityLibrary] AndroidManifest.xml:58:17-37
80        </activity>
81
82        <meta-data
82-->[:unityLibrary] AndroidManifest.xml:61:9-63:33
83            android:name="unity.splash-mode"
83-->[:unityLibrary] AndroidManifest.xml:62:13-45
84            android:value="0" />
84-->[:unityLibrary] AndroidManifest.xml:63:13-30
85        <meta-data
85-->[:unityLibrary] AndroidManifest.xml:64:9-66:36
86            android:name="unity.splash-enable"
86-->[:unityLibrary] AndroidManifest.xml:65:13-47
87            android:value="True" />
87-->[:unityLibrary] AndroidManifest.xml:66:13-33
88        <meta-data
88-->[:unityLibrary] AndroidManifest.xml:67:9-69:37
89            android:name="unity.allow-resizable-window"
89-->[:unityLibrary] AndroidManifest.xml:68:13-56
90            android:value="False" />
90-->[:unityLibrary] AndroidManifest.xml:69:13-34
91        <meta-data
91-->[:unityLibrary] AndroidManifest.xml:70:9-72:50
92            android:name="notch.config"
92-->[:unityLibrary] AndroidManifest.xml:71:13-40
93            android:value="portrait|landscape" />
93-->[:unityLibrary] AndroidManifest.xml:72:13-47
94        <meta-data
94-->[:unityLibrary] AndroidManifest.xml:73:9-75:68
95            android:name="unity.build-id"
95-->[:unityLibrary] AndroidManifest.xml:74:13-42
96            android:value="73436dd6-853a-4dc0-955c-5084d7da88c3" />
96-->[:unityLibrary] AndroidManifest.xml:75:13-65
97        <meta-data
97-->[:unityLibrary] AndroidManifest.xml:76:9-78:40
98            android:name="com.google.ar.core"
98-->[:unityLibrary] AndroidManifest.xml:77:13-46
99            android:value="optional" /> <!-- The minimal version code of ARCore APK required for an app using this SDK. -->
99-->[:unityLibrary] AndroidManifest.xml:78:13-37
100        <meta-data
100-->[com.google.ar:core:1.22.0] AndroidManifest.xml:36:9-38:41
101            android:name="com.google.ar.core.min_apk_version"
101-->[com.google.ar:core:1.22.0] AndroidManifest.xml:37:13-62
102            android:value="202940000" /> <!-- This activity is critical for installing ARCore when it is not already present. -->
102-->[com.google.ar:core:1.22.0] AndroidManifest.xml:38:13-38
103        <activity
103-->[com.google.ar:core:1.22.0] AndroidManifest.xml:40:9-46:80
104            android:name="com.google.ar.core.InstallActivity"
104-->[com.google.ar:core:1.22.0] AndroidManifest.xml:41:13-62
105            android:configChanges="keyboardHidden|orientation|screenSize"
105-->[com.google.ar:core:1.22.0] AndroidManifest.xml:42:13-74
106            android:excludeFromRecents="true"
106-->[com.google.ar:core:1.22.0] AndroidManifest.xml:43:13-46
107            android:exported="false"
107-->[com.google.ar:core:1.22.0] AndroidManifest.xml:44:13-37
108            android:launchMode="singleTop"
108-->[com.google.ar:core:1.22.0] AndroidManifest.xml:45:13-43
109            android:theme="@android:style/Theme.Material.Light.Dialog.Alert" />
109-->[com.google.ar:core:1.22.0] AndroidManifest.xml:46:13-77
110
111        <provider
111-->[:VuforiaEngine:] AndroidManifest.xml:14:9-22:20
112            android:name="com.vuforia.engine.app.VuforiaContentProvider"
112-->[:VuforiaEngine:] AndroidManifest.xml:15:13-73
113            android:authorities="com.vuforia.engine.VuforiaEngine.vuforia.share"
113-->[:VuforiaEngine:] AndroidManifest.xml:16:13-65
114            android:exported="false"
114-->[:VuforiaEngine:] AndroidManifest.xml:17:13-37
115            android:grantUriPermissions="true" >
115-->[:VuforiaEngine:] AndroidManifest.xml:18:13-47
116            <meta-data
116-->[:VuforiaEngine:] AndroidManifest.xml:19:13-21:53
117                android:name="android.support.FILE_PROVIDER_PATHS"
117-->[:VuforiaEngine:] AndroidManifest.xml:20:17-67
118                android:resource="@xml/filepaths" />
118-->[:VuforiaEngine:] AndroidManifest.xml:21:17-50
119        </provider>
120    </application>
121
122</manifest>